Analysis & Synthesis report for Top_Processeur
Wed Jun 05 16:41:35 2024
Quartus Prime Version 18.1.0 Build 625 09/12/2018 SJ Lite Edition


---------------------
; Table of Contents ;
---------------------
  1. Legal Notice
  2. Analysis & Synthesis Summary
  3. Analysis & Synthesis Settings
  4. Parallel Compilation
  5. Analysis & Synthesis Source Files Read
  6. Analysis & Synthesis Resource Usage Summary
  7. Analysis & Synthesis Resource Utilization by Entity
  8. User-Specified and Inferred Latches
  9. Registers Removed During Synthesis
 10. General Register Statistics
 11. Inverted Register Statistics
 12. Multiplexer Restructuring Statistics (Restructuring Performed)
 13. Parameter Settings for User Entity Instance: Processeur:entity_processeur|Unite_de_Traitement:entity_udt|Extension:entity_extension
 14. Parameter Settings for User Entity Instance: Processeur:entity_processeur|Unite_de_Traitement:entity_udt|Mux2v1:entity_mux1
 15. Parameter Settings for User Entity Instance: Processeur:entity_processeur|Unite_de_Traitement:entity_udt|Mux2v1:entity_muxrb
 16. Parameter Settings for User Entity Instance: Processeur:entity_processeur|Unite_de_Traitement:entity_udt|Mux2v1:entity_mux2
 17. Parameter Settings for User Entity Instance: Processeur:entity_processeur|Unite_des_Instructions_IRQ:entity_udi|Extension:entity_extension
 18. Port Connectivity Checks: "Processeur:entity_processeur|Registre:entity_psr"
 19. Port Connectivity Checks: "Processeur:entity_processeur"
 20. Post-Synthesis Netlist Statistics for Top Partition
 21. Elapsed Time Per Partition
 22. Analysis & Synthesis Messages



----------------
; Legal Notice ;
----------------
Copyright (C) 2018  Intel Corporation. All rights reserved.
Your use of Intel Corporation's design tools, logic functions 
and other software and tools, and its AMPP partner logic 
functions, and any output files from any of the foregoing 
(including device programming or simulation files), and any 
associated documentation or information are expressly subject 
to the terms and conditions of the Intel Program License 
Subscription Agreement, the Intel Quartus Prime License Agreement,
the Intel FPGA IP License Agreement, or other applicable license
agreement, including, without limitation, that your use is for
the sole purpose of programming logic devices manufactured by
Intel and sold by Intel or its authorized distributors.  Please
refer to the applicable agreement for further details.



+----------------------------------------------------------------------------------+
; Analysis & Synthesis Summary                                                     ;
+------------------------------------+---------------------------------------------+
; Analysis & Synthesis Status        ; Successful - Wed Jun 05 16:41:34 2024       ;
; Quartus Prime Version              ; 18.1.0 Build 625 09/12/2018 SJ Lite Edition ;
; Revision Name                      ; Top_Processeur                              ;
; Top-level Entity Name              ; Top_Processeur                              ;
; Family                             ; MAX 10                                      ;
; Total logic elements               ; 5,093                                       ;
;     Total combinational functions  ; 2,566                                       ;
;     Dedicated logic registers      ; 2,649                                       ;
; Total registers                    ; 2649                                        ;
; Total pins                         ; 41                                          ;
; Total virtual pins                 ; 0                                           ;
; Total memory bits                  ; 0                                           ;
; Embedded Multiplier 9-bit elements ; 0                                           ;
; Total PLLs                         ; 0                                           ;
; UFM blocks                         ; 0                                           ;
; ADC blocks                         ; 0                                           ;
+------------------------------------+---------------------------------------------+


+------------------------------------------------------------------------------------------------------------+
; Analysis & Synthesis Settings                                                                              ;
+------------------------------------------------------------------+--------------------+--------------------+
; Option                                                           ; Setting            ; Default Value      ;
+------------------------------------------------------------------+--------------------+--------------------+
; Device                                                           ; 10M50DAF484C7G     ;                    ;
; Top-level entity name                                            ; Top_Processeur     ; Top_Processeur     ;
; Family name                                                      ; MAX 10             ; Cyclone V          ;
; Use smart compilation                                            ; Off                ; Off                ;
; Enable parallel Assembler and Timing Analyzer during compilation ; On                 ; On                 ;
; Enable compact report table                                      ; Off                ; Off                ;
; Restructure Multiplexers                                         ; Auto               ; Auto               ;
; Create Debugging Nodes for IP Cores                              ; Off                ; Off                ;
; Preserve fewer node names                                        ; On                 ; On                 ;
; Intel FPGA IP Evaluation Mode                                    ; Enable             ; Enable             ;
; Verilog Version                                                  ; Verilog_2001       ; Verilog_2001       ;
; VHDL Version                                                     ; VHDL_1993          ; VHDL_1993          ;
; State Machine Processing                                         ; Auto               ; Auto               ;
; Safe State Machine                                               ; Off                ; Off                ;
; Extract Verilog State Machines                                   ; On                 ; On                 ;
; Extract VHDL State Machines                                      ; On                 ; On                 ;
; Ignore Verilog initial constructs                                ; Off                ; Off                ;
; Iteration limit for constant Verilog loops                       ; 5000               ; 5000               ;
; Iteration limit for non-constant Verilog loops                   ; 250                ; 250                ;
; Add Pass-Through Logic to Inferred RAMs                          ; On                 ; On                 ;
; Infer RAMs from Raw Logic                                        ; On                 ; On                 ;
; Parallel Synthesis                                               ; On                 ; On                 ;
; DSP Block Balancing                                              ; Auto               ; Auto               ;
; NOT Gate Push-Back                                               ; On                 ; On                 ;
; Power-Up Don't Care                                              ; On                 ; On                 ;
; Remove Redundant Logic Cells                                     ; Off                ; Off                ;
; Remove Duplicate Registers                                       ; On                 ; On                 ;
; Ignore CARRY Buffers                                             ; Off                ; Off                ;
; Ignore CASCADE Buffers                                           ; Off                ; Off                ;
; Ignore GLOBAL Buffers                                            ; Off                ; Off                ;
; Ignore ROW GLOBAL Buffers                                        ; Off                ; Off                ;
; Ignore LCELL Buffers                                             ; Off                ; Off                ;
; Ignore SOFT Buffers                                              ; On                 ; On                 ;
; Limit AHDL Integers to 32 Bits                                   ; Off                ; Off                ;
; Optimization Technique                                           ; Balanced           ; Balanced           ;
; Carry Chain Length                                               ; 70                 ; 70                 ;
; Auto Carry Chains                                                ; On                 ; On                 ;
; Auto Open-Drain Pins                                             ; On                 ; On                 ;
; Perform WYSIWYG Primitive Resynthesis                            ; Off                ; Off                ;
; Auto ROM Replacement                                             ; On                 ; On                 ;
; Auto RAM Replacement                                             ; On                 ; On                 ;
; Auto DSP Block Replacement                                       ; On                 ; On                 ;
; Auto Shift Register Replacement                                  ; Auto               ; Auto               ;
; Allow Shift Register Merging across Hierarchies                  ; Auto               ; Auto               ;
; Auto Clock Enable Replacement                                    ; On                 ; On                 ;
; Strict RAM Replacement                                           ; Off                ; Off                ;
; Allow Synchronous Control Signals                                ; On                 ; On                 ;
; Force Use of Synchronous Clear Signals                           ; Off                ; Off                ;
; Auto RAM Block Balancing                                         ; On                 ; On                 ;
; Auto RAM to Logic Cell Conversion                                ; Off                ; Off                ;
; Auto Resource Sharing                                            ; Off                ; Off                ;
; Allow Any RAM Size For Recognition                               ; Off                ; Off                ;
; Allow Any ROM Size For Recognition                               ; Off                ; Off                ;
; Allow Any Shift Register Size For Recognition                    ; Off                ; Off                ;
; Use LogicLock Constraints during Resource Balancing              ; On                 ; On                 ;
; Ignore translate_off and synthesis_off directives                ; Off                ; Off                ;
; Timing-Driven Synthesis                                          ; On                 ; On                 ;
; Report Parameter Settings                                        ; On                 ; On                 ;
; Report Source Assignments                                        ; On                 ; On                 ;
; Report Connectivity Checks                                       ; On                 ; On                 ;
; Ignore Maximum Fan-Out Assignments                               ; Off                ; Off                ;
; Synchronization Register Chain Length                            ; 2                  ; 2                  ;
; Power Optimization During Synthesis                              ; Normal compilation ; Normal compilation ;
; HDL message level                                                ; Level2             ; Level2             ;
; Suppress Register Optimization Related Messages                  ; Off                ; Off                ;
; Number of Removed Registers Reported in Synthesis Report         ; 5000               ; 5000               ;
; Number of Swept Nodes Reported in Synthesis Report               ; 5000               ; 5000               ;
; Number of Inverted Registers Reported in Synthesis Report        ; 100                ; 100                ;
; Clock MUX Protection                                             ; On                 ; On                 ;
; Auto Gated Clock Conversion                                      ; Off                ; Off                ;
; Block Design Naming                                              ; Auto               ; Auto               ;
; SDC constraint protection                                        ; Off                ; Off                ;
; Synthesis Effort                                                 ; Auto               ; Auto               ;
; Shift Register Replacement - Allow Asynchronous Clear Signal     ; On                 ; On                 ;
; Pre-Mapping Resynthesis Optimization                             ; Off                ; Off                ;
; Analysis & Synthesis Message Level                               ; Medium             ; Medium             ;
; Disable Register Merging Across Hierarchies                      ; Auto               ; Auto               ;
; Resource Aware Inference For Block RAM                           ; On                 ; On                 ;
+------------------------------------------------------------------+--------------------+--------------------+


+------------------------------------------+
; Parallel Compilation                     ;
+----------------------------+-------------+
; Processors                 ; Number      ;
+----------------------------+-------------+
; Number detected on machine ; 20          ;
; Maximum allowed            ; 12          ;
;                            ;             ;
; Average used               ; 1.02        ;
; Maximum used               ; 12          ;
;                            ;             ;
; Usage by Processor         ; % Time Used ;
;     Processor 1            ; 100.0%      ;
;     Processor 2            ;   0.3%      ;
;     Processor 3            ;   0.3%      ;
;     Processor 4            ;   0.3%      ;
;     Processor 5            ;   0.2%      ;
;     Processor 6            ;   0.2%      ;
;     Processor 7            ;   0.2%      ;
;     Processors 8-12        ;   0.1%      ;
+----------------------------+-------------+


+-------------------------------------------------------------------------------------------------------------------------------------------------------------------------------------------------------+
; Analysis & Synthesis Source Files Read                                                                                                                                                                ;
+---------------------------------------+-----------------+-----------------+-----------------------------------------------------------------------------------------------------------------+---------+
; File Name with User-Entered Path      ; Used in Netlist ; File Type       ; File Name with Absolute Path                                                                                    ; Library ;
+---------------------------------------+-----------------+-----------------+-----------------------------------------------------------------------------------------------------------------+---------+
; ../src/VIC.vhd                        ; yes             ; User VHDL File  ; C:/Users/ 21106126/Desktop/Monocycle-Processor-main/Monocycle-Processor-main/src/VIC.vhd                        ;         ;
; ../src/Unite_des_Instructions_IRQ.vhd ; yes             ; User VHDL File  ; C:/Users/ 21106126/Desktop/Monocycle-Processor-main/Monocycle-Processor-main/src/Unite_des_Instructions_IRQ.vhd ;         ;
; ../src/Memoire_Instruction_IRQ.vhd    ; yes             ; User VHDL File  ; C:/Users/ 21106126/Desktop/Monocycle-Processor-main/Monocycle-Processor-main/src/Memoire_Instruction_IRQ.vhd    ;         ;
; ../src/Unite_de_Traitement.vhd        ; yes             ; User VHDL File  ; C:/Users/ 21106126/Desktop/Monocycle-Processor-main/Monocycle-Processor-main/src/Unite_de_Traitement.vhd        ;         ;
; ../src/Top_Processeur.vhd             ; yes             ; User VHDL File  ; C:/Users/ 21106126/Desktop/Monocycle-Processor-main/Monocycle-Processor-main/src/Top_Processeur.vhd             ;         ;
; ../src/SEVEN_SEG.vhd                  ; yes             ; User VHDL File  ; C:/Users/ 21106126/Desktop/Monocycle-Processor-main/Monocycle-Processor-main/src/SEVEN_SEG.vhd                  ;         ;
; ../src/Registre.vhd                   ; yes             ; User VHDL File  ; C:/Users/ 21106126/Desktop/Monocycle-Processor-main/Monocycle-Processor-main/src/Registre.vhd                   ;         ;
; ../src/Processeur.vhd                 ; yes             ; User VHDL File  ; C:/Users/ 21106126/Desktop/Monocycle-Processor-main/Monocycle-Processor-main/src/Processeur.vhd                 ;         ;
; ../src/Mux2v1.vhd                     ; yes             ; User VHDL File  ; C:/Users/ 21106126/Desktop/Monocycle-Processor-main/Monocycle-Processor-main/src/Mux2v1.vhd                     ;         ;
; ../src/Memoire_Data.vhd               ; yes             ; User VHDL File  ; C:/Users/ 21106126/Desktop/Monocycle-Processor-main/Monocycle-Processor-main/src/Memoire_Data.vhd               ;         ;
; ../src/Extension.vhd                  ; yes             ; User VHDL File  ; C:/Users/ 21106126/Desktop/Monocycle-Processor-main/Monocycle-Processor-main/src/Extension.vhd                  ;         ;
; ../src/Decodeur.vhd                   ; yes             ; User VHDL File  ; C:/Users/ 21106126/Desktop/Monocycle-Processor-main/Monocycle-Processor-main/src/Decodeur.vhd                   ;         ;
; ../src/Banc_Registres.vhd             ; yes             ; User VHDL File  ; C:/Users/ 21106126/Desktop/Monocycle-Processor-main/Monocycle-Processor-main/src/Banc_Registres.vhd             ;         ;
; ../src/ALU.vhd                        ; yes             ; User VHDL File  ; C:/Users/ 21106126/Desktop/Monocycle-Processor-main/Monocycle-Processor-main/src/ALU.vhd                        ;         ;
+---------------------------------------+-----------------+-----------------+-----------------------------------------------------------------------------------------------------------------+---------+


+--------------------------------------------------------------+
; Analysis & Synthesis Resource Usage Summary                  ;
+---------------------------------------------+----------------+
; Resource                                    ; Usage          ;
+---------------------------------------------+----------------+
; Estimated Total logic elements              ; 5,093          ;
;                                             ;                ;
; Total combinational functions               ; 2566           ;
; Logic element usage by number of LUT inputs ;                ;
;     -- 4 input functions                    ; 2291           ;
;     -- 3 input functions                    ; 169            ;
;     -- <=2 input functions                  ; 106            ;
;                                             ;                ;
; Logic elements by mode                      ;                ;
;     -- normal mode                          ; 2472           ;
;     -- arithmetic mode                      ; 94             ;
;                                             ;                ;
; Total registers                             ; 2649           ;
;     -- Dedicated logic registers            ; 2649           ;
;     -- I/O registers                        ; 0              ;
;                                             ;                ;
; I/O pins                                    ; 41             ;
;                                             ;                ;
; Embedded Multiplier 9-bit elements          ; 0              ;
;                                             ;                ;
; Maximum fan-out node                        ; CLOCK_50~input ;
; Maximum fan-out                             ; 2649           ;
; Total fan-out                               ; 20586          ;
; Average fan-out                             ; 3.89           ;
+---------------------------------------------+----------------+


+----------------------------------------------------------------------------------------------------------------------------------------------------------------------------------------------------------------------------------------------------------------------------------------------------------------------------------------------------------------------------------------+
; Analysis & Synthesis Resource Utilization by Entity                                                                                                                                                                                                                                                                                                                                    ;
+-------------------------------------------------------+---------------------+---------------------------+-------------+------------+--------------+---------+-----------+------+--------------+------------+-------------------------------------------------------------------------------------------------------------------------------+----------------------------+--------------+
; Compilation Hierarchy Node                            ; Combinational ALUTs ; Dedicated Logic Registers ; Memory Bits ; UFM Blocks ; DSP Elements ; DSP 9x9 ; DSP 18x18 ; Pins ; Virtual Pins ; ADC blocks ; Full Hierarchy Name                                                                                                           ; Entity Name                ; Library Name ;
+-------------------------------------------------------+---------------------+---------------------------+-------------+------------+--------------+---------+-----------+------+--------------+------------+-------------------------------------------------------------------------------------------------------------------------------+----------------------------+--------------+
; |Top_Processeur                                       ; 2566 (0)            ; 2649 (0)                  ; 0           ; 0          ; 0            ; 0       ; 0         ; 41   ; 0            ; 0          ; |Top_Processeur                                                                                                               ; Top_Processeur             ; work         ;
;    |Processeur:entity_processeur|                     ; 2510 (0)            ; 2649 (0)                  ; 0           ; 0          ; 0            ; 0       ; 0         ; 0    ; 0            ; 0          ; |Top_Processeur|Processeur:entity_processeur                                                                                  ; Processeur                 ; work         ;
;       |Decodeur:entity_decodeur|                      ; 44 (44)             ; 0 (0)                     ; 0           ; 0          ; 0            ; 0       ; 0         ; 0    ; 0            ; 0          ; |Top_Processeur|Processeur:entity_processeur|Decodeur:entity_decodeur                                                         ; Decodeur                   ; work         ;
;       |Registre:entity_psr|                           ; 2 (2)               ; 1 (1)                     ; 0           ; 0          ; 0            ; 0       ; 0         ; 0    ; 0            ; 0          ; |Top_Processeur|Processeur:entity_processeur|Registre:entity_psr                                                              ; Registre                   ; work         ;
;       |Unite_de_Traitement:entity_udt|                ; 2270 (0)            ; 2576 (0)                  ; 0           ; 0          ; 0            ; 0       ; 0         ; 0    ; 0            ; 0          ; |Top_Processeur|Processeur:entity_processeur|Unite_de_Traitement:entity_udt                                                   ; Unite_de_Traitement        ; work         ;
;          |ALU:entity_ALU|                             ; 85 (85)             ; 0 (0)                     ; 0           ; 0          ; 0            ; 0       ; 0         ; 0    ; 0            ; 0          ; |Top_Processeur|Processeur:entity_processeur|Unite_de_Traitement:entity_udt|ALU:entity_ALU                                    ; ALU                        ; work         ;
;          |Banc_Registres:entity_Banc_Registres|       ; 666 (666)           ; 512 (512)                 ; 0           ; 0          ; 0            ; 0       ; 0         ; 0    ; 0            ; 0          ; |Top_Processeur|Processeur:entity_processeur|Unite_de_Traitement:entity_udt|Banc_Registres:entity_Banc_Registres              ; Banc_Registres             ; work         ;
;          |Memoire_Data:entity_Memory|                 ; 83 (83)             ; 2048 (2048)               ; 0           ; 0          ; 0            ; 0       ; 0         ; 0    ; 0            ; 0          ; |Top_Processeur|Processeur:entity_processeur|Unite_de_Traitement:entity_udt|Memoire_Data:entity_Memory                        ; Memoire_Data               ; work         ;
;          |Mux2v1:entity_mux1|                         ; 25 (25)             ; 0 (0)                     ; 0           ; 0          ; 0            ; 0       ; 0         ; 0    ; 0            ; 0          ; |Top_Processeur|Processeur:entity_processeur|Unite_de_Traitement:entity_udt|Mux2v1:entity_mux1                                ; Mux2v1                     ; work         ;
;          |Mux2v1:entity_mux2|                         ; 1407 (1407)         ; 0 (0)                     ; 0           ; 0          ; 0            ; 0       ; 0         ; 0    ; 0            ; 0          ; |Top_Processeur|Processeur:entity_processeur|Unite_de_Traitement:entity_udt|Mux2v1:entity_mux2                                ; Mux2v1                     ; work         ;
;          |Mux2v1:entity_muxrb|                        ; 4 (4)               ; 0 (0)                     ; 0           ; 0          ; 0            ; 0       ; 0         ; 0    ; 0            ; 0          ; |Top_Processeur|Processeur:entity_processeur|Unite_de_Traitement:entity_udt|Mux2v1:entity_muxrb                               ; Mux2v1                     ; work         ;
;          |Registre:entity_Afficheur|                  ; 0 (0)               ; 16 (16)                   ; 0           ; 0          ; 0            ; 0       ; 0         ; 0    ; 0            ; 0          ; |Top_Processeur|Processeur:entity_processeur|Unite_de_Traitement:entity_udt|Registre:entity_Afficheur                         ; Registre                   ; work         ;
;       |Unite_des_Instructions_IRQ:entity_udi|         ; 185 (113)           ; 65 (65)                   ; 0           ; 0          ; 0            ; 0       ; 0         ; 0    ; 0            ; 0          ; |Top_Processeur|Processeur:entity_processeur|Unite_des_Instructions_IRQ:entity_udi                                            ; Unite_des_Instructions_IRQ ; work         ;
;          |Memoire_Instruction_IRQ:entity_instruction| ; 72 (72)             ; 0 (0)                     ; 0           ; 0          ; 0            ; 0       ; 0         ; 0    ; 0            ; 0          ; |Top_Processeur|Processeur:entity_processeur|Unite_des_Instructions_IRQ:entity_udi|Memoire_Instruction_IRQ:entity_instruction ; Memoire_Instruction_IRQ    ; work         ;
;       |VIC:entity_vic|                                ; 9 (9)               ; 7 (7)                     ; 0           ; 0          ; 0            ; 0       ; 0         ; 0    ; 0            ; 0          ; |Top_Processeur|Processeur:entity_processeur|VIC:entity_vic                                                                   ; VIC                        ; work         ;
;    |SEVEN_SEG:entity_HEX0|                            ; 14 (14)             ; 0 (0)                     ; 0           ; 0          ; 0            ; 0       ; 0         ; 0    ; 0            ; 0          ; |Top_Processeur|SEVEN_SEG:entity_HEX0                                                                                         ; SEVEN_SEG                  ; work         ;
;    |SEVEN_SEG:entity_HEX1|                            ; 14 (14)             ; 0 (0)                     ; 0           ; 0          ; 0            ; 0       ; 0         ; 0    ; 0            ; 0          ; |Top_Processeur|SEVEN_SEG:entity_HEX1                                                                                         ; SEVEN_SEG                  ; work         ;
;    |SEVEN_SEG:entity_HEX2|                            ; 14 (14)             ; 0 (0)                     ; 0           ; 0          ; 0            ; 0       ; 0         ; 0    ; 0            ; 0          ; |Top_Processeur|SEVEN_SEG:entity_HEX2                                                                                         ; SEVEN_SEG                  ; work         ;
;    |SEVEN_SEG:entity_HEX3|                            ; 14 (14)             ; 0 (0)                     ; 0           ; 0          ; 0            ; 0       ; 0         ; 0    ; 0            ; 0          ; |Top_Processeur|SEVEN_SEG:entity_HEX3                                                                                         ; SEVEN_SEG                  ; work         ;
+-------------------------------------------------------+---------------------+---------------------------+-------------+------------+--------------+---------+-----------+------+--------------+------------+-------------------------------------------------------------------------------------------------------------------------------+----------------------------+--------------+
Note: For table entries with two numbers listed, the numbers in parentheses indicate the number of resources of the given type used by the specific entity alone. The numbers listed outside of parentheses indicate the total resources of the given type used by the specific entity and all of its sub-entities in the hierarchy.


+----------------------------------------------------------------------------------------------------------------------------------------------------------------------------------+
; User-Specified and Inferred Latches                                                                                                                                              ;
+-------------------------------------------------------------------------------+-------------------------------------------------------------------------+------------------------+
; Latch Name                                                                    ; Latch Enable Signal                                                     ; Free of Timing Hazards ;
+-------------------------------------------------------------------------------+-------------------------------------------------------------------------+------------------------+
; Processeur:entity_processeur|Decodeur:entity_decodeur|RegSel                  ; Processeur:entity_processeur|Decodeur:entity_decodeur|WideOr11          ; yes                    ;
; Processeur:entity_processeur|Decodeur:entity_decodeur|RegAff                  ; Processeur:entity_processeur|Decodeur:entity_decodeur|IRQ_END           ; yes                    ;
; Processeur:entity_processeur|Decodeur:entity_decodeur|ALUCtrl[1]              ; Processeur:entity_processeur|Decodeur:entity_decodeur|WideOr4           ; yes                    ;
; Processeur:entity_processeur|Decodeur:entity_decodeur|ALUSrc                  ; Processeur:entity_processeur|Decodeur:entity_decodeur|WideOr4           ; yes                    ;
; Processeur:entity_processeur|Decodeur:entity_decodeur|ALUCtrl[0]              ; Processeur:entity_processeur|Decodeur:entity_decodeur|WideOr4           ; yes                    ;
; Processeur:entity_processeur|Decodeur:entity_decodeur|WrSrc                   ; Processeur:entity_processeur|Decodeur:entity_decodeur|WideOr9           ; yes                    ;
; Processeur:entity_processeur|Decodeur:entity_decodeur|RegWr                   ; Processeur:entity_processeur|Decodeur:entity_decodeur|IRQ_END           ; yes                    ;
; Processeur:entity_processeur|Decodeur:entity_decodeur|nPCSel                  ; Processeur:entity_processeur|Decodeur:entity_decodeur|IRQ_END           ; yes                    ;
; Processeur:entity_processeur|Decodeur:entity_decodeur|IRQ_END                 ; Processeur:entity_processeur|Decodeur:entity_decodeur|instr_courante.BX ; yes                    ;
; Processeur:entity_processeur|Decodeur:entity_decodeur|instr_courante.STR_440  ; Processeur:entity_processeur|Decodeur:entity_decodeur|instr_courante.BX ; yes                    ;
; Processeur:entity_processeur|Decodeur:entity_decodeur|instr_courante.BLT_400  ; Processeur:entity_processeur|Decodeur:entity_decodeur|instr_courante.BX ; yes                    ;
; Processeur:entity_processeur|Decodeur:entity_decodeur|instr_courante.BAL_420  ; Processeur:entity_processeur|Decodeur:entity_decodeur|instr_courante.BX ; yes                    ;
; Processeur:entity_processeur|Decodeur:entity_decodeur|instr_courante.LDR_460  ; Processeur:entity_processeur|Decodeur:entity_decodeur|instr_courante.BX ; yes                    ;
; Processeur:entity_processeur|Decodeur:entity_decodeur|instr_courante.CMP_480  ; Processeur:entity_processeur|Decodeur:entity_decodeur|instr_courante.BX ; yes                    ;
; Processeur:entity_processeur|Decodeur:entity_decodeur|instr_courante.ADDi_520 ; Processeur:entity_processeur|Decodeur:entity_decodeur|instr_courante.BX ; yes                    ;
; Processeur:entity_processeur|Decodeur:entity_decodeur|instr_courante.MOV_540  ; Processeur:entity_processeur|Decodeur:entity_decodeur|instr_courante.BX ; yes                    ;
; Processeur:entity_processeur|Decodeur:entity_decodeur|instr_courante.ADDr_500 ; Processeur:entity_processeur|Decodeur:entity_decodeur|instr_courante.BX ; yes                    ;
; Processeur:entity_processeur|Decodeur:entity_decodeur|MemWr                   ; Processeur:entity_processeur|Decodeur:entity_decodeur|IRQ_END           ; yes                    ;
; Processeur:entity_processeur|Decodeur:entity_decodeur|PSREn                   ; Processeur:entity_processeur|Decodeur:entity_decodeur|IRQ_END           ; yes                    ;
; Number of user-specified and inferred latches = 19                            ;                                                                         ;                        ;
+-------------------------------------------------------------------------------+-------------------------------------------------------------------------+------------------------+
Note: All latches listed above may not be present at the end of synthesis due to various synthesis optimizations.


+--------------------------------------------------------------------------------------------------------------------------------------+
; Registers Removed During Synthesis                                                                                                   ;
+------------------------------------------------------------------+-------------------------------------------------------------------+
; Register name                                                    ; Reason for Removal                                                ;
+------------------------------------------------------------------+-------------------------------------------------------------------+
; Processeur:entity_processeur|VIC:entity_vic|VICPC[1,5..9,11..31] ; Merged with Processeur:entity_processeur|VIC:entity_vic|VICPC[10] ;
; Processeur:entity_processeur|VIC:entity_vic|VICPC[4]             ; Merged with Processeur:entity_processeur|VIC:entity_vic|VICPC[2]  ;
; Processeur:entity_processeur|VIC:entity_vic|VICPC[10]            ; Stuck at GND due to stuck port data_in                            ;
; Total Number of Removed Registers = 29                           ;                                                                   ;
+------------------------------------------------------------------+-------------------------------------------------------------------+


+------------------------------------------------------+
; General Register Statistics                          ;
+----------------------------------------------+-------+
; Statistic                                    ; Value ;
+----------------------------------------------+-------+
; Total registers                              ; 2649  ;
; Number of registers using Synchronous Clear  ; 28    ;
; Number of registers using Synchronous Load   ; 32    ;
; Number of registers using Asynchronous Clear ; 2649  ;
; Number of registers using Asynchronous Load  ; 0     ;
; Number of registers using Clock Enable       ; 2611  ;
; Number of registers using Preset             ; 0     ;
+----------------------------------------------+-------+


+------------------------------------------------------------------------------------------------------------------------+
; Inverted Register Statistics                                                                                           ;
+--------------------------------------------------------------------------------------------------------------+---------+
; Inverted Register                                                                                            ; Fan out ;
+--------------------------------------------------------------------------------------------------------------+---------+
; Processeur:entity_processeur|Unite_de_Traitement:entity_udt|Banc_Registres:entity_Banc_Registres|Banc[15][4] ; 2       ;
; Processeur:entity_processeur|Unite_de_Traitement:entity_udt|Banc_Registres:entity_Banc_Registres|Banc[15][5] ; 2       ;
; Processeur:entity_processeur|Unite_de_Traitement:entity_udt|Memoire_Data:entity_Memory|Memory[26][0]         ; 1       ;
; Processeur:entity_processeur|Unite_de_Traitement:entity_udt|Memoire_Data:entity_Memory|Memory[19][0]         ; 1       ;
; Processeur:entity_processeur|Unite_de_Traitement:entity_udt|Memoire_Data:entity_Memory|Memory[18][0]         ; 1       ;
; Processeur:entity_processeur|Unite_de_Traitement:entity_udt|Memoire_Data:entity_Memory|Memory[21][0]         ; 1       ;
; Processeur:entity_processeur|Unite_de_Traitement:entity_udt|Memoire_Data:entity_Memory|Memory[20][0]         ; 1       ;
; Processeur:entity_processeur|Unite_de_Traitement:entity_udt|Memoire_Data:entity_Memory|Memory[24][0]         ; 1       ;
; Processeur:entity_processeur|Unite_de_Traitement:entity_udt|Memoire_Data:entity_Memory|Memory[17][0]         ; 1       ;
; Processeur:entity_processeur|Unite_de_Traitement:entity_udt|Memoire_Data:entity_Memory|Memory[16][0]         ; 1       ;
; Processeur:entity_processeur|Unite_de_Traitement:entity_udt|Memoire_Data:entity_Memory|Memory[25][0]         ; 1       ;
; Processeur:entity_processeur|Unite_de_Traitement:entity_udt|Memoire_Data:entity_Memory|Memory[23][0]         ; 1       ;
; Processeur:entity_processeur|Unite_de_Traitement:entity_udt|Memoire_Data:entity_Memory|Memory[22][0]         ; 1       ;
; Total number of inverted registers = 13                                                                      ;         ;
+--------------------------------------------------------------------------------------------------------------+---------+


+--------------------------------------------------------------------------------------------------------------------------------------------------------------------------------------------------------------------------------------+
; Multiplexer Restructuring Statistics (Restructuring Performed)                                                                                                                                                                       ;
+--------------------+-----------+---------------+----------------------+------------------------+------------+------------------------------------------------------------------------------------------------------------------------+
; Multiplexer Inputs ; Bus Width ; Baseline Area ; Area if Restructured ; Saving if Restructured ; Registered ; Example Multiplexer Output                                                                                             ;
+--------------------+-----------+---------------+----------------------+------------------------+------------+------------------------------------------------------------------------------------------------------------------------+
; 3:1                ; 28 bits   ; 56 LEs        ; 56 LEs               ; 0 LEs                  ; Yes        ; |Top_Processeur|Processeur:entity_processeur|Unite_des_Instructions_IRQ:entity_udi|PC[29]                              ;
; 3:1                ; 4 bits    ; 8 LEs         ; 8 LEs                ; 0 LEs                  ; Yes        ; |Top_Processeur|Processeur:entity_processeur|Unite_des_Instructions_IRQ:entity_udi|PC[4]                               ;
; 4:1                ; 3 bits    ; 6 LEs         ; 6 LEs                ; 0 LEs                  ; Yes        ; |Top_Processeur|Processeur:entity_processeur|VIC:entity_vic|VICPC[2]                                                   ;
; 4:1                ; 7 bits    ; 14 LEs        ; 14 LEs               ; 0 LEs                  ; No         ; |Top_Processeur|Processeur:entity_processeur|Unite_de_Traitement:entity_udt|ALU:entity_ALU|Mux26                       ;
; 16:1               ; 32 bits   ; 320 LEs       ; 320 LEs              ; 0 LEs                  ; No         ; |Top_Processeur|Processeur:entity_processeur|Unite_de_Traitement:entity_udt|Banc_Registres:entity_Banc_Registres|Mux45 ;
; 5:1                ; 2 bits    ; 6 LEs         ; 2 LEs                ; 4 LEs                  ; No         ; |Top_Processeur|Processeur:entity_processeur|Decodeur:entity_decodeur|instr_courante.ADDr                              ;
; 16:1               ; 32 bits   ; 320 LEs       ; 320 LEs              ; 0 LEs                  ; No         ; |Top_Processeur|Processeur:entity_processeur|Unite_de_Traitement:entity_udt|Banc_Registres:entity_Banc_Registres|Mux20 ;
; 65:1               ; 7 bits    ; 301 LEs       ; 301 LEs              ; 0 LEs                  ; No         ; |Top_Processeur|Processeur:entity_processeur|Unite_de_Traitement:entity_udt|Mux2v1:entity_mux2|S[31]                   ;
; 68:1               ; 25 bits   ; 1125 LEs      ; 1100 LEs             ; 25 LEs                 ; No         ; |Top_Processeur|Processeur:entity_processeur|Unite_de_Traitement:entity_udt|Mux2v1:entity_mux2|S[26]                   ;
+--------------------+-----------+---------------+----------------------+------------------------+------------+------------------------------------------------------------------------------------------------------------------------+


+-------------------------------------------------------------------------------------------------------------------------------------+
; Parameter Settings for User Entity Instance: Processeur:entity_processeur|Unite_de_Traitement:entity_udt|Extension:entity_extension ;
+----------------+-------+------------------------------------------------------------------------------------------------------------+
; Parameter Name ; Value ; Type                                                                                                       ;
+----------------+-------+------------------------------------------------------------------------------------------------------------+
; n              ; 8     ; Signed Integer                                                                                             ;
+----------------+-------+------------------------------------------------------------------------------------------------------------+
Note: In order to hide this table in the UI and the text report file, please set the "Show Parameter Settings in Synthesis Report" option in "Analysis and Synthesis Settings -> More Settings" to "Off".


+-----------------------------------------------------------------------------------------------------------------------------+
; Parameter Settings for User Entity Instance: Processeur:entity_processeur|Unite_de_Traitement:entity_udt|Mux2v1:entity_mux1 ;
+----------------+-------+----------------------------------------------------------------------------------------------------+
; Parameter Name ; Value ; Type                                                                                               ;
+----------------+-------+----------------------------------------------------------------------------------------------------+
; n              ; 32    ; Signed Integer                                                                                     ;
+----------------+-------+----------------------------------------------------------------------------------------------------+
Note: In order to hide this table in the UI and the text report file, please set the "Show Parameter Settings in Synthesis Report" option in "Analysis and Synthesis Settings -> More Settings" to "Off".


+------------------------------------------------------------------------------------------------------------------------------+
; Parameter Settings for User Entity Instance: Processeur:entity_processeur|Unite_de_Traitement:entity_udt|Mux2v1:entity_muxrb ;
+----------------+-------+-----------------------------------------------------------------------------------------------------+
; Parameter Name ; Value ; Type                                                                                                ;
+----------------+-------+-----------------------------------------------------------------------------------------------------+
; n              ; 4     ; Signed Integer                                                                                      ;
+----------------+-------+-----------------------------------------------------------------------------------------------------+
Note: In order to hide this table in the UI and the text report file, please set the "Show Parameter Settings in Synthesis Report" option in "Analysis and Synthesis Settings -> More Settings" to "Off".


+-----------------------------------------------------------------------------------------------------------------------------+
; Parameter Settings for User Entity Instance: Processeur:entity_processeur|Unite_de_Traitement:entity_udt|Mux2v1:entity_mux2 ;
+----------------+-------+----------------------------------------------------------------------------------------------------+
; Parameter Name ; Value ; Type                                                                                               ;
+----------------+-------+----------------------------------------------------------------------------------------------------+
; n              ; 32    ; Signed Integer                                                                                     ;
+----------------+-------+----------------------------------------------------------------------------------------------------+
Note: In order to hide this table in the UI and the text report file, please set the "Show Parameter Settings in Synthesis Report" option in "Analysis and Synthesis Settings -> More Settings" to "Off".


+--------------------------------------------------------------------------------------------------------------------------------------------+
; Parameter Settings for User Entity Instance: Processeur:entity_processeur|Unite_des_Instructions_IRQ:entity_udi|Extension:entity_extension ;
+----------------+-------+-------------------------------------------------------------------------------------------------------------------+
; Parameter Name ; Value ; Type                                                                                                              ;
+----------------+-------+-------------------------------------------------------------------------------------------------------------------+
; n              ; 24    ; Signed Integer                                                                                                    ;
+----------------+-------+-------------------------------------------------------------------------------------------------------------------+
Note: In order to hide this table in the UI and the text report file, please set the "Show Parameter Settings in Synthesis Report" option in "Analysis and Synthesis Settings -> More Settings" to "Off".


+------------------------------------------------------------------------------+
; Port Connectivity Checks: "Processeur:entity_processeur|Registre:entity_psr" ;
+---------------+-------+----------+-------------------------------------------+
; Port          ; Type  ; Severity ; Details                                   ;
+---------------+-------+----------+-------------------------------------------+
; datain[27..0] ; Input ; Info     ; Stuck at GND                              ;
+---------------+-------+----------+-------------------------------------------+


+-----------------------------------------------------------------------------------------------------------------------------+
; Port Connectivity Checks: "Processeur:entity_processeur"                                                                    ;
+-------------------+--------+----------+-------------------------------------------------------------------------------------+
; Port              ; Type   ; Severity ; Details                                                                             ;
+-------------------+--------+----------+-------------------------------------------------------------------------------------+
; afficheur[31..16] ; Output ; Info     ; Connected to dangling logic. Logic that only feeds a dangling port will be removed. ;
+-------------------+--------+----------+-------------------------------------------------------------------------------------+


+-----------------------------------------------------+
; Post-Synthesis Netlist Statistics for Top Partition ;
+-----------------------+-----------------------------+
; Type                  ; Count                       ;
+-----------------------+-----------------------------+
; boundary_port         ; 41                          ;
; cycloneiii_ff         ; 2649                        ;
;     CLR               ; 6                           ;
;     CLR SCLR SLD      ; 28                          ;
;     CLR SLD           ; 4                           ;
;     ENA CLR           ; 2611                        ;
; cycloneiii_lcell_comb ; 2570                        ;
;     arith             ; 94                          ;
;         2 data inputs ; 32                          ;
;         3 data inputs ; 62                          ;
;     normal            ; 2476                        ;
;         1 data inputs ; 20                          ;
;         2 data inputs ; 58                          ;
;         3 data inputs ; 107                         ;
;         4 data inputs ; 2291                        ;
;                       ;                             ;
; Max LUT depth         ; 19.50                       ;
; Average LUT depth     ; 10.63                       ;
+-----------------------+-----------------------------+


+-------------------------------+
; Elapsed Time Per Partition    ;
+----------------+--------------+
; Partition Name ; Elapsed Time ;
+----------------+--------------+
; Top            ; 00:00:04     ;
+----------------+--------------+


+-------------------------------+
; Analysis & Synthesis Messages ;
+-------------------------------+
Info: *******************************************************************
Info: Running Quartus Prime Analysis & Synthesis
    Info: Version 18.1.0 Build 625 09/12/2018 SJ Lite Edition
    Info: Processing started: Wed Jun 05 16:41:24 2024
Info: Command: quartus_map --read_settings_files=on --write_settings_files=off Top_Processeur -c Top_Processeur
Warning (18236): Number of processors has not been specified which may cause overloading on shared machines.  Set the global assignment NUM_PARALLEL_PROCESSORS in your QSF to an appropriate value for best performance.
Info (20030): Parallel compilation is enabled and will use 12 of the 12 processors detected
Info (12021): Found 2 design units, including 1 entities, in source file /users/ 21106126/desktop/monocycle-processor-main/monocycle-processor-main/src/vic.vhd
    Info (12022): Found design unit 1: VIC-RTL File: C:/Users/ 21106126/Desktop/Monocycle-Processor-main/Monocycle-Processor-main/src/VIC.vhd Line: 19
    Info (12023): Found entity 1: VIC File: C:/Users/ 21106126/Desktop/Monocycle-Processor-main/Monocycle-Processor-main/src/VIC.vhd Line: 6
Info (12021): Found 2 design units, including 1 entities, in source file /users/ 21106126/desktop/monocycle-processor-main/monocycle-processor-main/src/unite_des_instructions_irq.vhd
    Info (12022): Found design unit 1: Unite_des_Instructions_IRQ-RTL File: C:/Users/ 21106126/Desktop/Monocycle-Processor-main/Monocycle-Processor-main/src/Unite_des_Instructions_IRQ.vhd Line: 22
    Info (12023): Found entity 1: Unite_des_Instructions_IRQ File: C:/Users/ 21106126/Desktop/Monocycle-Processor-main/Monocycle-Processor-main/src/Unite_des_Instructions_IRQ.vhd Line: 6
Info (12021): Found 2 design units, including 1 entities, in source file /users/ 21106126/desktop/monocycle-processor-main/monocycle-processor-main/src/memoire_instruction_irq.vhd
    Info (12022): Found design unit 1: Memoire_Instruction_IRQ-RTL File: C:/Users/ 21106126/Desktop/Monocycle-Processor-main/Monocycle-Processor-main/src/Memoire_Instruction_IRQ.vhd Line: 16
    Info (12023): Found entity 1: Memoire_Instruction_IRQ File: C:/Users/ 21106126/Desktop/Monocycle-Processor-main/Monocycle-Processor-main/src/Memoire_Instruction_IRQ.vhd Line: 7
Warning (12019): Can't analyze file -- file ../src/Unite_des_Instructions.vhd is missing
Info (12021): Found 2 design units, including 1 entities, in source file /users/ 21106126/desktop/monocycle-processor-main/monocycle-processor-main/src/unite_de_traitement.vhd
    Info (12022): Found design unit 1: Unite_de_Traitement-RTL File: C:/Users/ 21106126/Desktop/Monocycle-Processor-main/Monocycle-Processor-main/src/Unite_de_Traitement.vhd Line: 31
    Info (12023): Found entity 1: Unite_de_Traitement File: C:/Users/ 21106126/Desktop/Monocycle-Processor-main/Monocycle-Processor-main/src/Unite_de_Traitement.vhd Line: 7
Info (12021): Found 2 design units, including 1 entities, in source file /users/ 21106126/desktop/monocycle-processor-main/monocycle-processor-main/src/top_processeur.vhd
    Info (12022): Found design unit 1: Top_Processeur-RTL File: C:/Users/ 21106126/Desktop/Monocycle-Processor-main/Monocycle-Processor-main/src/Top_Processeur.vhd Line: 18
    Info (12023): Found entity 1: Top_Processeur File: C:/Users/ 21106126/Desktop/Monocycle-Processor-main/Monocycle-Processor-main/src/Top_Processeur.vhd Line: 4
Info (12021): Found 2 design units, including 1 entities, in source file /users/ 21106126/desktop/monocycle-processor-main/monocycle-processor-main/src/seven_seg.vhd
    Info (12022): Found design unit 1: SEVEN_SEG-COMB File: C:/Users/ 21106126/Desktop/Monocycle-Processor-main/Monocycle-Processor-main/src/SEVEN_SEG.vhd Line: 38
    Info (12023): Found entity 1: SEVEN_SEG File: C:/Users/ 21106126/Desktop/Monocycle-Processor-main/Monocycle-Processor-main/src/SEVEN_SEG.vhd Line: 29
Info (12021): Found 2 design units, including 1 entities, in source file /users/ 21106126/desktop/monocycle-processor-main/monocycle-processor-main/src/registre.vhd
    Info (12022): Found design unit 1: Registre-RTL File: C:/Users/ 21106126/Desktop/Monocycle-Processor-main/Monocycle-Processor-main/src/Registre.vhd Line: 17
    Info (12023): Found entity 1: Registre File: C:/Users/ 21106126/Desktop/Monocycle-Processor-main/Monocycle-Processor-main/src/Registre.vhd Line: 6
Info (12021): Found 2 design units, including 1 entities, in source file /users/ 21106126/desktop/monocycle-processor-main/monocycle-processor-main/src/processeur.vhd
    Info (12022): Found design unit 1: Processeur-RTL File: C:/Users/ 21106126/Desktop/Monocycle-Processor-main/Monocycle-Processor-main/src/Processeur.vhd Line: 18
    Info (12023): Found entity 1: Processeur File: C:/Users/ 21106126/Desktop/Monocycle-Processor-main/Monocycle-Processor-main/src/Processeur.vhd Line: 7
Info (12021): Found 2 design units, including 1 entities, in source file /users/ 21106126/desktop/monocycle-processor-main/monocycle-processor-main/src/mux2v1.vhd
    Info (12022): Found design unit 1: Mux2v1-BEHAVIORAL File: C:/Users/ 21106126/Desktop/Monocycle-Processor-main/Monocycle-Processor-main/src/Mux2v1.vhd Line: 20
    Info (12023): Found entity 1: Mux2v1 File: C:/Users/ 21106126/Desktop/Monocycle-Processor-main/Monocycle-Processor-main/src/Mux2v1.vhd Line: 6
Info (12021): Found 2 design units, including 1 entities, in source file /users/ 21106126/desktop/monocycle-processor-main/monocycle-processor-main/src/memoire_instruction.vhd
    Info (12022): Found design unit 1: Memoire_Instruction-RTL File: C:/Users/ 21106126/Desktop/Monocycle-Processor-main/Monocycle-Processor-main/src/Memoire_Instruction.vhd Line: 14
    Info (12023): Found entity 1: Memoire_Instruction File: C:/Users/ 21106126/Desktop/Monocycle-Processor-main/Monocycle-Processor-main/src/Memoire_Instruction.vhd Line: 6
Info (12021): Found 2 design units, including 1 entities, in source file /users/ 21106126/desktop/monocycle-processor-main/monocycle-processor-main/src/memoire_data.vhd
    Info (12022): Found design unit 1: Memoire_Data-RTL File: C:/Users/ 21106126/Desktop/Monocycle-Processor-main/Monocycle-Processor-main/src/Memoire_Data.vhd Line: 19
    Info (12023): Found entity 1: Memoire_Data File: C:/Users/ 21106126/Desktop/Monocycle-Processor-main/Monocycle-Processor-main/src/Memoire_Data.vhd Line: 6
Info (12021): Found 2 design units, including 1 entities, in source file /users/ 21106126/desktop/monocycle-processor-main/monocycle-processor-main/src/extension.vhd
    Info (12022): Found design unit 1: Extension-BEHAVIORAL File: C:/Users/ 21106126/Desktop/Monocycle-Processor-main/Monocycle-Processor-main/src/Extension.vhd Line: 16
    Info (12023): Found entity 1: Extension File: C:/Users/ 21106126/Desktop/Monocycle-Processor-main/Monocycle-Processor-main/src/Extension.vhd Line: 5
Info (12021): Found 2 design units, including 1 entities, in source file /users/ 21106126/desktop/monocycle-processor-main/monocycle-processor-main/src/decodeur.vhd
    Info (12022): Found design unit 1: Decodeur-RTL File: C:/Users/ 21106126/Desktop/Monocycle-Processor-main/Monocycle-Processor-main/src/Decodeur.vhd Line: 26
    Info (12023): Found entity 1: Decodeur File: C:/Users/ 21106126/Desktop/Monocycle-Processor-main/Monocycle-Processor-main/src/Decodeur.vhd Line: 6
Info (12021): Found 2 design units, including 1 entities, in source file /users/ 21106126/desktop/monocycle-processor-main/monocycle-processor-main/src/banc_registres.vhd
    Info (12022): Found design unit 1: Banc_Registres-RTL File: C:/Users/ 21106126/Desktop/Monocycle-Processor-main/Monocycle-Processor-main/src/Banc_Registres.vhd Line: 20
    Info (12023): Found entity 1: Banc_Registres File: C:/Users/ 21106126/Desktop/Monocycle-Processor-main/Monocycle-Processor-main/src/Banc_Registres.vhd Line: 5
Info (12021): Found 2 design units, including 1 entities, in source file /users/ 21106126/desktop/monocycle-processor-main/monocycle-processor-main/src/alu.vhd
    Info (12022): Found design unit 1: ALU-BEHAVIORAL File: C:/Users/ 21106126/Desktop/Monocycle-Processor-main/Monocycle-Processor-main/src/ALU.vhd Line: 15
    Info (12023): Found entity 1: ALU File: C:/Users/ 21106126/Desktop/Monocycle-Processor-main/Monocycle-Processor-main/src/ALU.vhd Line: 6
Info (12127): Elaborating entity "Top_Processeur" for the top level hierarchy
Info (12128): Elaborating entity "Processeur" for hierarchy "Processeur:entity_processeur" File: C:/Users/ 21106126/Desktop/Monocycle-Processor-main/Monocycle-Processor-main/src/Top_Processeur.vhd Line: 30
Warning (10873): Using initial value X (don't care) for net "EtatPSR_in[27..0]" at Processeur.vhd(22) File: C:/Users/ 21106126/Desktop/Monocycle-Processor-main/Monocycle-Processor-main/src/Processeur.vhd Line: 22
Info (12128): Elaborating entity "Unite_de_Traitement" for hierarchy "Processeur:entity_processeur|Unite_de_Traitement:entity_udt" File: C:/Users/ 21106126/Desktop/Monocycle-Processor-main/Monocycle-Processor-main/src/Processeur.vhd Line: 46
Info (12128): Elaborating entity "Banc_Registres" for hierarchy "Processeur:entity_processeur|Unite_de_Traitement:entity_udt|Banc_Registres:entity_Banc_Registres" File: C:/Users/ 21106126/Desktop/Monocycle-Processor-main/Monocycle-Processor-main/src/Unite_de_Traitement.vhd Line: 43
Info (12128): Elaborating entity "Extension" for hierarchy "Processeur:entity_processeur|Unite_de_Traitement:entity_udt|Extension:entity_extension" File: C:/Users/ 21106126/Desktop/Monocycle-Processor-main/Monocycle-Processor-main/src/Unite_de_Traitement.vhd Line: 56
Info (12128): Elaborating entity "Mux2v1" for hierarchy "Processeur:entity_processeur|Unite_de_Traitement:entity_udt|Mux2v1:entity_mux1" File: C:/Users/ 21106126/Desktop/Monocycle-Processor-main/Monocycle-Processor-main/src/Unite_de_Traitement.vhd Line: 62
Info (12128): Elaborating entity "Mux2v1" for hierarchy "Processeur:entity_processeur|Unite_de_Traitement:entity_udt|Mux2v1:entity_muxrb" File: C:/Users/ 21106126/Desktop/Monocycle-Processor-main/Monocycle-Processor-main/src/Unite_de_Traitement.vhd Line: 70
Info (12128): Elaborating entity "ALU" for hierarchy "Processeur:entity_processeur|Unite_de_Traitement:entity_udt|ALU:entity_ALU" File: C:/Users/ 21106126/Desktop/Monocycle-Processor-main/Monocycle-Processor-main/src/Unite_de_Traitement.vhd Line: 79
Info (12128): Elaborating entity "Memoire_Data" for hierarchy "Processeur:entity_processeur|Unite_de_Traitement:entity_udt|Memoire_Data:entity_Memory" File: C:/Users/ 21106126/Desktop/Monocycle-Processor-main/Monocycle-Processor-main/src/Unite_de_Traitement.vhd Line: 91
Info (12128): Elaborating entity "Registre" for hierarchy "Processeur:entity_processeur|Unite_de_Traitement:entity_udt|Registre:entity_Afficheur" File: C:/Users/ 21106126/Desktop/Monocycle-Processor-main/Monocycle-Processor-main/src/Unite_de_Traitement.vhd Line: 109
Info (12128): Elaborating entity "Unite_des_Instructions_IRQ" for hierarchy "Processeur:entity_processeur|Unite_des_Instructions_IRQ:entity_udi" File: C:/Users/ 21106126/Desktop/Monocycle-Processor-main/Monocycle-Processor-main/src/Processeur.vhd Line: 69
Info (12128): Elaborating entity "Extension" for hierarchy "Processeur:entity_processeur|Unite_des_Instructions_IRQ:entity_udi|Extension:entity_extension" File: C:/Users/ 21106126/Desktop/Monocycle-Processor-main/Monocycle-Processor-main/src/Unite_des_Instructions_IRQ.vhd Line: 36
Info (12128): Elaborating entity "Memoire_Instruction_IRQ" for hierarchy "Processeur:entity_processeur|Unite_des_Instructions_IRQ:entity_udi|Memoire_Instruction_IRQ:entity_instruction" File: C:/Users/ 21106126/Desktop/Monocycle-Processor-main/Monocycle-Processor-main/src/Unite_des_Instructions_IRQ.vhd Line: 71
Info (12128): Elaborating entity "Decodeur" for hierarchy "Processeur:entity_processeur|Decodeur:entity_decodeur" File: C:/Users/ 21106126/Desktop/Monocycle-Processor-main/Monocycle-Processor-main/src/Processeur.vhd Line: 85
Warning (10631): VHDL Process Statement warning at Decodeur.vhd(38): inferring latch(es) for signal or variable "instr_courante", which holds its previous value in one or more paths through the process File: C:/Users/ 21106126/Desktop/Monocycle-Processor-main/Monocycle-Processor-main/src/Decodeur.vhd Line: 38
Warning (10631): VHDL Process Statement warning at Decodeur.vhd(70): inferring latch(es) for signal or variable "nPCSel", which holds its previous value in one or more paths through the process File: C:/Users/ 21106126/Desktop/Monocycle-Processor-main/Monocycle-Processor-main/src/Decodeur.vhd Line: 70
Warning (10631): VHDL Process Statement warning at Decodeur.vhd(70): inferring latch(es) for signal or variable "PSREn", which holds its previous value in one or more paths through the process File: C:/Users/ 21106126/Desktop/Monocycle-Processor-main/Monocycle-Processor-main/src/Decodeur.vhd Line: 70
Warning (10631): VHDL Process Statement warning at Decodeur.vhd(70): inferring latch(es) for signal or variable "RegWr", which holds its previous value in one or more paths through the process File: C:/Users/ 21106126/Desktop/Monocycle-Processor-main/Monocycle-Processor-main/src/Decodeur.vhd Line: 70
Warning (10631): VHDL Process Statement warning at Decodeur.vhd(70): inferring latch(es) for signal or variable "ALUCtrl", which holds its previous value in one or more paths through the process File: C:/Users/ 21106126/Desktop/Monocycle-Processor-main/Monocycle-Processor-main/src/Decodeur.vhd Line: 70
Warning (10631): VHDL Process Statement warning at Decodeur.vhd(70): inferring latch(es) for signal or variable "ALUSrc", which holds its previous value in one or more paths through the process File: C:/Users/ 21106126/Desktop/Monocycle-Processor-main/Monocycle-Processor-main/src/Decodeur.vhd Line: 70
Warning (10631): VHDL Process Statement warning at Decodeur.vhd(70): inferring latch(es) for signal or variable "WrSrc", which holds its previous value in one or more paths through the process File: C:/Users/ 21106126/Desktop/Monocycle-Processor-main/Monocycle-Processor-main/src/Decodeur.vhd Line: 70
Warning (10631): VHDL Process Statement warning at Decodeur.vhd(70): inferring latch(es) for signal or variable "MemWr", which holds its previous value in one or more paths through the process File: C:/Users/ 21106126/Desktop/Monocycle-Processor-main/Monocycle-Processor-main/src/Decodeur.vhd Line: 70
Warning (10631): VHDL Process Statement warning at Decodeur.vhd(70): inferring latch(es) for signal or variable "RegAff", which holds its previous value in one or more paths through the process File: C:/Users/ 21106126/Desktop/Monocycle-Processor-main/Monocycle-Processor-main/src/Decodeur.vhd Line: 70
Warning (10631): VHDL Process Statement warning at Decodeur.vhd(70): inferring latch(es) for signal or variable "RegSel", which holds its previous value in one or more paths through the process File: C:/Users/ 21106126/Desktop/Monocycle-Processor-main/Monocycle-Processor-main/src/Decodeur.vhd Line: 70
Info (10041): Inferred latch for "RegSel" at Decodeur.vhd(70) File: C:/Users/ 21106126/Desktop/Monocycle-Processor-main/Monocycle-Processor-main/src/Decodeur.vhd Line: 70
Info (10041): Inferred latch for "RegAff" at Decodeur.vhd(70) File: C:/Users/ 21106126/Desktop/Monocycle-Processor-main/Monocycle-Processor-main/src/Decodeur.vhd Line: 70
Info (10041): Inferred latch for "MemWr" at Decodeur.vhd(70) File: C:/Users/ 21106126/Desktop/Monocycle-Processor-main/Monocycle-Processor-main/src/Decodeur.vhd Line: 70
Info (10041): Inferred latch for "WrSrc" at Decodeur.vhd(70) File: C:/Users/ 21106126/Desktop/Monocycle-Processor-main/Monocycle-Processor-main/src/Decodeur.vhd Line: 70
Info (10041): Inferred latch for "ALUSrc" at Decodeur.vhd(70) File: C:/Users/ 21106126/Desktop/Monocycle-Processor-main/Monocycle-Processor-main/src/Decodeur.vhd Line: 70
Info (10041): Inferred latch for "ALUCtrl[0]" at Decodeur.vhd(70) File: C:/Users/ 21106126/Desktop/Monocycle-Processor-main/Monocycle-Processor-main/src/Decodeur.vhd Line: 70
Info (10041): Inferred latch for "ALUCtrl[1]" at Decodeur.vhd(70) File: C:/Users/ 21106126/Desktop/Monocycle-Processor-main/Monocycle-Processor-main/src/Decodeur.vhd Line: 70
Info (10041): Inferred latch for "ALUCtrl[2]" at Decodeur.vhd(70) File: C:/Users/ 21106126/Desktop/Monocycle-Processor-main/Monocycle-Processor-main/src/Decodeur.vhd Line: 70
Info (10041): Inferred latch for "RegWr" at Decodeur.vhd(70) File: C:/Users/ 21106126/Desktop/Monocycle-Processor-main/Monocycle-Processor-main/src/Decodeur.vhd Line: 70
Info (10041): Inferred latch for "PSREn" at Decodeur.vhd(70) File: C:/Users/ 21106126/Desktop/Monocycle-Processor-main/Monocycle-Processor-main/src/Decodeur.vhd Line: 70
Info (10041): Inferred latch for "nPCSel" at Decodeur.vhd(70) File: C:/Users/ 21106126/Desktop/Monocycle-Processor-main/Monocycle-Processor-main/src/Decodeur.vhd Line: 70
Info (10041): Inferred latch for "instr_courante.BX" at Decodeur.vhd(38) File: C:/Users/ 21106126/Desktop/Monocycle-Processor-main/Monocycle-Processor-main/src/Decodeur.vhd Line: 38
Info (10041): Inferred latch for "instr_courante.BLT" at Decodeur.vhd(38) File: C:/Users/ 21106126/Desktop/Monocycle-Processor-main/Monocycle-Processor-main/src/Decodeur.vhd Line: 38
Info (10041): Inferred latch for "instr_courante.BAL" at Decodeur.vhd(38) File: C:/Users/ 21106126/Desktop/Monocycle-Processor-main/Monocycle-Processor-main/src/Decodeur.vhd Line: 38
Info (10041): Inferred latch for "instr_courante.STR" at Decodeur.vhd(38) File: C:/Users/ 21106126/Desktop/Monocycle-Processor-main/Monocycle-Processor-main/src/Decodeur.vhd Line: 38
Info (10041): Inferred latch for "instr_courante.LDR" at Decodeur.vhd(38) File: C:/Users/ 21106126/Desktop/Monocycle-Processor-main/Monocycle-Processor-main/src/Decodeur.vhd Line: 38
Info (10041): Inferred latch for "instr_courante.CMP" at Decodeur.vhd(38) File: C:/Users/ 21106126/Desktop/Monocycle-Processor-main/Monocycle-Processor-main/src/Decodeur.vhd Line: 38
Info (10041): Inferred latch for "instr_courante.ADDr" at Decodeur.vhd(38) File: C:/Users/ 21106126/Desktop/Monocycle-Processor-main/Monocycle-Processor-main/src/Decodeur.vhd Line: 38
Info (10041): Inferred latch for "instr_courante.ADDi" at Decodeur.vhd(38) File: C:/Users/ 21106126/Desktop/Monocycle-Processor-main/Monocycle-Processor-main/src/Decodeur.vhd Line: 38
Info (10041): Inferred latch for "instr_courante.MOV" at Decodeur.vhd(38) File: C:/Users/ 21106126/Desktop/Monocycle-Processor-main/Monocycle-Processor-main/src/Decodeur.vhd Line: 38
Info (12128): Elaborating entity "VIC" for hierarchy "Processeur:entity_processeur|VIC:entity_vic" File: C:/Users/ 21106126/Desktop/Monocycle-Processor-main/Monocycle-Processor-main/src/Processeur.vhd Line: 115
Info (12128): Elaborating entity "SEVEN_SEG" for hierarchy "SEVEN_SEG:entity_HEX0" File: C:/Users/ 21106126/Desktop/Monocycle-Processor-main/Monocycle-Processor-main/src/Top_Processeur.vhd Line: 39
Info (276014): Found 1 instances of uninferred RAM logic
    Info (276013): RAM logic "Processeur:entity_processeur|Unite_des_Instructions_IRQ:entity_udi|Memoire_Instruction_IRQ:entity_instruction|mem" is uninferred because MIF is not supported for the selected family File: C:/Users/ 21106126/Desktop/Monocycle-Processor-main/Monocycle-Processor-main/src/Memoire_Instruction_IRQ.vhd Line: 77
Info (13025): Duplicate LATCH primitives merged into single LATCH primitive
    Info (13026): Duplicate LATCH primitive "Processeur:entity_processeur|Decodeur:entity_decodeur|MemWr" merged with LATCH primitive "Processeur:entity_processeur|Decodeur:entity_decodeur|RegAff" File: C:/Users/ 21106126/Desktop/Monocycle-Processor-main/Monocycle-Processor-main/src/Decodeur.vhd Line: 20
Warning (13012): Latch Processeur:entity_processeur|Decodeur:entity_decodeur|IRQ_END has unsafe behavior File: C:/Users/ 21106126/Desktop/Monocycle-Processor-main/Monocycle-Processor-main/src/Decodeur.vhd Line: 22
    Warning (13013): Ports D and ENA on the latch are fed by the same signal Processeur:entity_processeur|Unite_des_Instructions_IRQ:entity_udi|PC[5] File: C:/Users/ 21106126/Desktop/Monocycle-Processor-main/Monocycle-Processor-main/src/Unite_des_Instructions_IRQ.vhd Line: 44
Warning (13012): Latch Processeur:entity_processeur|Decodeur:entity_decodeur|instr_courante.STR_440 has unsafe behavior File: C:/Users/ 21106126/Desktop/Monocycle-Processor-main/Monocycle-Processor-main/src/Decodeur.vhd Line: 38
    Warning (13013): Ports D and ENA on the latch are fed by the same signal Processeur:entity_processeur|Unite_des_Instructions_IRQ:entity_udi|PC[5] File: C:/Users/ 21106126/Desktop/Monocycle-Processor-main/Monocycle-Processor-main/src/Unite_des_Instructions_IRQ.vhd Line: 44
Warning (13012): Latch Processeur:entity_processeur|Decodeur:entity_decodeur|instr_courante.BLT_400 has unsafe behavior File: C:/Users/ 21106126/Desktop/Monocycle-Processor-main/Monocycle-Processor-main/src/Decodeur.vhd Line: 38
    Warning (13013): Ports D and ENA on the latch are fed by the same signal Processeur:entity_processeur|Unite_des_Instructions_IRQ:entity_udi|PC[5] File: C:/Users/ 21106126/Desktop/Monocycle-Processor-main/Monocycle-Processor-main/src/Unite_des_Instructions_IRQ.vhd Line: 44
Warning (13012): Latch Processeur:entity_processeur|Decodeur:entity_decodeur|instr_courante.BAL_420 has unsafe behavior File: C:/Users/ 21106126/Desktop/Monocycle-Processor-main/Monocycle-Processor-main/src/Decodeur.vhd Line: 38
    Warning (13013): Ports D and ENA on the latch are fed by the same signal Processeur:entity_processeur|Unite_des_Instructions_IRQ:entity_udi|PC[5] File: C:/Users/ 21106126/Desktop/Monocycle-Processor-main/Monocycle-Processor-main/src/Unite_des_Instructions_IRQ.vhd Line: 44
Warning (13012): Latch Processeur:entity_processeur|Decodeur:entity_decodeur|instr_courante.LDR_460 has unsafe behavior File: C:/Users/ 21106126/Desktop/Monocycle-Processor-main/Monocycle-Processor-main/src/Decodeur.vhd Line: 38
    Warning (13013): Ports D and ENA on the latch are fed by the same signal Processeur:entity_processeur|Unite_des_Instructions_IRQ:entity_udi|PC[5] File: C:/Users/ 21106126/Desktop/Monocycle-Processor-main/Monocycle-Processor-main/src/Unite_des_Instructions_IRQ.vhd Line: 44
Warning (13012): Latch Processeur:entity_processeur|Decodeur:entity_decodeur|instr_courante.CMP_480 has unsafe behavior File: C:/Users/ 21106126/Desktop/Monocycle-Processor-main/Monocycle-Processor-main/src/Decodeur.vhd Line: 38
    Warning (13013): Ports D and ENA on the latch are fed by the same signal Processeur:entity_processeur|Unite_des_Instructions_IRQ:entity_udi|PC[5] File: C:/Users/ 21106126/Desktop/Monocycle-Processor-main/Monocycle-Processor-main/src/Unite_des_Instructions_IRQ.vhd Line: 44
Warning (13012): Latch Processeur:entity_processeur|Decodeur:entity_decodeur|instr_courante.ADDi_520 has unsafe behavior File: C:/Users/ 21106126/Desktop/Monocycle-Processor-main/Monocycle-Processor-main/src/Decodeur.vhd Line: 38
    Warning (13013): Ports D and ENA on the latch are fed by the same signal Processeur:entity_processeur|Unite_des_Instructions_IRQ:entity_udi|PC[5] File: C:/Users/ 21106126/Desktop/Monocycle-Processor-main/Monocycle-Processor-main/src/Unite_des_Instructions_IRQ.vhd Line: 44
Warning (13012): Latch Processeur:entity_processeur|Decodeur:entity_decodeur|instr_courante.MOV_540 has unsafe behavior File: C:/Users/ 21106126/Desktop/Monocycle-Processor-main/Monocycle-Processor-main/src/Decodeur.vhd Line: 38
    Warning (13013): Ports D and ENA on the latch are fed by the same signal Processeur:entity_processeur|Unite_des_Instructions_IRQ:entity_udi|PC[5] File: C:/Users/ 21106126/Desktop/Monocycle-Processor-main/Monocycle-Processor-main/src/Unite_des_Instructions_IRQ.vhd Line: 44
Warning (13012): Latch Processeur:entity_processeur|Decodeur:entity_decodeur|instr_courante.ADDr_500 has unsafe behavior File: C:/Users/ 21106126/Desktop/Monocycle-Processor-main/Monocycle-Processor-main/src/Decodeur.vhd Line: 38
    Warning (13013): Ports D and ENA on the latch are fed by the same signal Processeur:entity_processeur|Unite_des_Instructions_IRQ:entity_udi|PC[5] File: C:/Users/ 21106126/Desktop/Monocycle-Processor-main/Monocycle-Processor-main/src/Unite_des_Instructions_IRQ.vhd Line: 44
Info (13000): Registers with preset signals will power-up high File: C:/Users/ 21106126/Desktop/Monocycle-Processor-main/Monocycle-Processor-main/src/Banc_Registres.vhd Line: 45
Info (13003): DEV_CLRn pin will set, and not reset, register with preset signal due to NOT Gate Push-Back
Info (286030): Timing-Driven Synthesis is running
Warning (20013): Ignored 24 assignments for entity "DE10_LITE_Golden_Top" -- entity does not exist in design
    Warning (20014): Assignment for entity set_instance_assignment -name PARTITION_HIERARCHY root_partition -to | -entity DE10_LITE_Golden_Top -section_id Top was ignored
    Warning (20014): Assignment for entity set_global_assignment -name PARTITION_NETLIST_TYPE SOURCE -entity DE10_LITE_Golden_Top -section_id Top was ignored
    Warning (20014): Assignment for entity set_global_assignment -name PARTITION_FITTER_PRESERVATION_LEVEL PLACEMENT_AND_ROUTING -entity DE10_LITE_Golden_Top -section_id Top was ignored
    Warning (20014): Assignment for entity set_global_assignment -name PARTITION_PRESERVE_HIGH_SPEED_TILES ON -entity DE10_LITE_Golden_Top -section_id Top was ignored
    Warning (20014): Assignment for entity set_global_assignment -name PARTITION_IGNORE_SOURCE_FILE_CHANGES OFF -entity DE10_LITE_Golden_Top -section_id Top was ignored
    Warning (20014): Assignment for entity set_global_assignment -name PARTITION_ALWAYS_USE_QXP_NETLIST OFF -entity DE10_LITE_Golden_Top -section_id Top was ignored
    Warning (20014): Assignment for entity set_global_assignment -name PARTITION_COLOR 16764057 -entity DE10_LITE_Golden_Top -section_id Top was ignored
    Warning (20014): Assignment for entity set_global_assignment -name PARTITION_IMPORT_ASSIGNMENTS ON -entity DE10_LITE_Golden_Top -section_id Top was ignored
    Warning (20014): Assignment for entity set_global_assignment -name PARTITION_IMPORT_EXISTING_ASSIGNMENTS REPLACE_CONFLICTING -entity DE10_LITE_Golden_Top -section_id Top was ignored
    Warning (20014): Assignment for entity set_global_assignment -name PARTITION_IMPORT_EXISTING_LOGICLOCK_REGIONS UPDATE_CONFLICTING -entity DE10_LITE_Golden_Top -section_id Top was ignored
    Warning (20014): Assignment for entity set_global_assignment -name PARTITION_IMPORT_PIN_ASSIGNMENTS ON -entity DE10_LITE_Golden_Top -section_id Top was ignored
    Warning (20014): Assignment for entity set_global_assignment -name PARTITION_IMPORT_PROMOTE_ASSIGNMENTS ON -entity DE10_LITE_Golden_Top -section_id Top was ignored
    Warning (20014): Assignment for entity set_global_assignment -name PARTITION_TYPE STANDARD_PARTITION -entity DE10_LITE_Golden_Top -section_id Top was ignored
    Warning (20014): Assignment for entity set_global_assignment -name ALLOW_MULTIPLE_PERSONAS OFF -entity DE10_LITE_Golden_Top -section_id Top was ignored
    Warning (20014): Assignment for entity set_global_assignment -name PARTITION_ASD_REGION_ID 1 -entity DE10_LITE_Golden_Top -section_id Top was ignored
    Warning (20014): Assignment for entity set_global_assignment -name CROSS_BOUNDARY_OPTIMIZATIONS OFF -entity DE10_LITE_Golden_Top -section_id Top was ignored
    Warning (20014): Assignment for entity set_global_assignment -name PROPAGATE_CONSTANTS_ON_INPUTS ON -entity DE10_LITE_Golden_Top -section_id Top was ignored
    Warning (20014): Assignment for entity set_global_assignment -name PROPAGATE_INVERSIONS_ON_INPUTS ON -entity DE10_LITE_Golden_Top -section_id Top was ignored
    Warning (20014): Assignment for entity set_global_assignment -name REMOVE_LOGIC_ON_UNCONNECTED_OUTPUTS ON -entity DE10_LITE_Golden_Top -section_id Top was ignored
    Warning (20014): Assignment for entity set_global_assignment -name MERGE_EQUIVALENT_INPUTS ON -entity DE10_LITE_Golden_Top -section_id Top was ignored
    Warning (20014): Assignment for entity set_global_assignment -name MERGE_EQUIVALENT_BIDIRS ON -entity DE10_LITE_Golden_Top -section_id Top was ignored
    Warning (20014): Assignment for entity set_global_assignment -name ABSORB_PATHS_FROM_OUTPUTS_TO_INPUTS ON -entity DE10_LITE_Golden_Top -section_id Top was ignored
    Warning (20014): Assignment for entity set_global_assignment -name PARTITION_EXTRACT_HARD_BLOCK_NODES ON -entity DE10_LITE_Golden_Top -section_id Top was ignored
    Warning (20014): Assignment for entity set_global_assignment -name PARTITION_ENABLE_STRICT_PRESERVATION OFF -entity DE10_LITE_Golden_Top -section_id Top was ignored
Info (16010): Generating hard_block partition "hard_block:auto_generated_inst"
    Info (16011): Adding 0 node(s), including 0 DDIO, 0 PLL, 0 transceiver and 0 LCELL
Warning (21074): Design contains 8 input pin(s) that do not drive logic
    Warning (15610): No output dependent on input pin "SW[1]" File: C:/Users/ 21106126/Desktop/Monocycle-Processor-main/Monocycle-Processor-main/src/Top_Processeur.vhd Line: 9
    Warning (15610): No output dependent on input pin "SW[2]" File: C:/Users/ 21106126/Desktop/Monocycle-Processor-main/Monocycle-Processor-main/src/Top_Processeur.vhd Line: 9
    Warning (15610): No output dependent on input pin "SW[3]" File: C:/Users/ 21106126/Desktop/Monocycle-Processor-main/Monocycle-Processor-main/src/Top_Processeur.vhd Line: 9
    Warning (15610): No output dependent on input pin "SW[4]" File: C:/Users/ 21106126/Desktop/Monocycle-Processor-main/Monocycle-Processor-main/src/Top_Processeur.vhd Line: 9
    Warning (15610): No output dependent on input pin "SW[5]" File: C:/Users/ 21106126/Desktop/Monocycle-Processor-main/Monocycle-Processor-main/src/Top_Processeur.vhd Line: 9
    Warning (15610): No output dependent on input pin "SW[6]" File: C:/Users/ 21106126/Desktop/Monocycle-Processor-main/Monocycle-Processor-main/src/Top_Processeur.vhd Line: 9
    Warning (15610): No output dependent on input pin "SW[7]" File: C:/Users/ 21106126/Desktop/Monocycle-Processor-main/Monocycle-Processor-main/src/Top_Processeur.vhd Line: 9
    Warning (15610): No output dependent on input pin "SW[8]" File: C:/Users/ 21106126/Desktop/Monocycle-Processor-main/Monocycle-Processor-main/src/Top_Processeur.vhd Line: 9
Info (21057): Implemented 5230 device resources after synthesis - the final resource count might be different
    Info (21058): Implemented 13 input pins
    Info (21059): Implemented 28 output pins
    Info (21061): Implemented 5189 logic cells
Info: Quartus Prime Analysis & Synthesis was successful. 0 errors, 65 warnings
    Info: Peak virtual memory: 4894 megabytes
    Info: Processing ended: Wed Jun 05 16:41:35 2024
    Info: Elapsed time: 00:00:11
    Info: Total CPU time (on all processors): 00:00:17


